<?xml version="1.0" encoding="UTF-8"?>
<!-- Generated by org.testng.reporters.JUnitReportReporter -->
<testsuite skipped="0" hostname="SambasivaReddyPammi" name="com.freecrm.tests.CompanyTest" tests="1" failures="0" timestamp="2021-02-16T22:22:52 IST" time="30.005" errors="0">
  <testcase name="tc1" time="30.005" classname="com.freecrm.tests.CompanyTest"/>
  <system-out/>
</testsuite> <!-- com.freecrm.tests.CompanyTest -->
